<?xml version="1.0" encoding="UTF-8"?>
<!-- Generated by org.testng.reporters.JUnitXMLReporter -->
<testsuite hostname="Mariappans-MBP" ignored="0" name="Command line test 6c5b618f-2254-4067-891c-b7cd81a67b2e" tests="2" failures="1" timestamp="12 Feb 2018 01:53:22 GMT" time="13.588" errors="0">
  <testcase name="PlatformPagestartingTest" time="0.073" classname="com.tofuGearPortal.qa.testcases.PlatformPageTest">
    <failure type="java.lang.AssertionError" message="The following asserts failed:
	Mismatch in the page title expected [plat] but found [Platform | Tofugear]">
      <![CDATA[java.lang.AssertionError: The following asserts failed:
	Mismatch in the page title expected [plat] but found [Platform | Tofugear]
	at com.tofuGearPortal.qa.testcases.PlatformPageTest.PlatformPagestartingTest(PlatformPageTest.java:40)
... Removed 30 stack frames]]>
    </failure>
  </testcase> <!-- PlatformPagestartingTest -->
  <testcase name="contactenableTest" time="0.044" classname="com.tofuGearPortal.qa.testcases.PlatformPageTest"/>
</testsuite> <!-- Command line test 6c5b618f-2254-4067-891c-b7cd81a67b2e -->
