<?xml version="1.0" encoding="UTF-8"?>
<!-- Generated by org.testng.reporters.JUnitXMLReporter -->
<testsuite hostname="Mariappans-MBP" ignored="0" name="TofuGear Application testcase" tests="15" failures="0" timestamp="11 Feb 2018 16:39:31 GMT" time="117.012" errors="0">
  <testcase name="validateTopcontent" time="0.144" classname="com.tofuGearPortal.qa.testcases.HomepageTest"/>
  <testcase name="videovalidation" time="10.397" classname="com.tofuGearPortal.qa.testcases.HomepageTest"/>
  <testcase name="solutionDigiMenu" time="5.27" classname="com.tofuGearPortal.qa.testcases.HomepageTest"/>
  <testcase name="solunecommerceMenu" time="4.655" classname="com.tofuGearPortal.qa.testcases.HomepageTest"/>
  <testcase name="BlogMenu" time="1.232" classname="com.tofuGearPortal.qa.testcases.HomepageTest"/>
  <testcase name="platformMenu" time="1.606" classname="com.tofuGearPortal.qa.testcases.HomepageTest"/>
  <testcase name="AboutUsMenu" time="1.725" classname="com.tofuGearPortal.qa.testcases.HomepageTest"/>
  <testcase name="CareerMenu" time="1.389" classname="com.tofuGearPortal.qa.testcases.HomepageTest"/>
  <testcase name="ContactMenu" time="0.174" classname="com.tofuGearPortal.qa.testcases.HomepageTest"/>
  <testcase name="RetailAsiaExpoPage" time="5.403" classname="com.tofuGearPortal.qa.testcases.HomepageTest"/>
  <testcase name="ClientConcernSelectionoptions" time="0.312" classname="com.tofuGearPortal.qa.testcases.HomepageTest"/>
  <testcase name="digiTransformoptions" time="2.412" classname="com.tofuGearPortal.qa.testcases.HomepageTest"/>
  <testcase name="Customerofflineoptions" time="2.687" classname="com.tofuGearPortal.qa.testcases.HomepageTest"/>
  <testcase name="MaximizingInStoreeoptions" time="2.394" classname="com.tofuGearPortal.qa.testcases.HomepageTest"/>
  <testcase name="ExpandingStoreOptions" time="2.695" classname="com.tofuGearPortal.qa.testcases.HomepageTest"/>
</testsuite> <!-- TofuGear Application testcase -->
