<?xml version="1.0" encoding="UTF-8"?>
<!-- Generated by org.testng.reporters.JUnitXMLReporter -->
<testsuite hostname="Mariappans-MBP" ignored="0" name="Command line test cedcab1b-6728-4e15-83fc-478f14ebcc0e" tests="15" failures="0" timestamp="12 Feb 2018 01:53:08 GMT" time="122.247" errors="0">
  <testcase name="validateTopcontent" time="0.09" classname="com.tofuGearPortal.qa.testcases.HomepageTest"/>
  <testcase name="videovalidation" time="10.578" classname="com.tofuGearPortal.qa.testcases.HomepageTest"/>
  <testcase name="solutionDigiMenu" time="4.07" classname="com.tofuGearPortal.qa.testcases.HomepageTest"/>
  <testcase name="solunecommerceMenu" time="4.097" classname="com.tofuGearPortal.qa.testcases.HomepageTest"/>
  <testcase name="BlogMenu" time="1.475" classname="com.tofuGearPortal.qa.testcases.HomepageTest"/>
  <testcase name="platformMenu" time="1.673" classname="com.tofuGearPortal.qa.testcases.HomepageTest"/>
  <testcase name="AboutUsMenu" time="2.053" classname="com.tofuGearPortal.qa.testcases.HomepageTest"/>
  <testcase name="CareerMenu" time="1.257" classname="com.tofuGearPortal.qa.testcases.HomepageTest"/>
  <testcase name="ContactMenu" time="0.331" classname="com.tofuGearPortal.qa.testcases.HomepageTest"/>
  <testcase name="RetailAsiaExpoPage" time="6.01" classname="com.tofuGearPortal.qa.testcases.HomepageTest"/>
  <testcase name="ClientConcernSelectionoptions" time="0.174" classname="com.tofuGearPortal.qa.testcases.HomepageTest"/>
  <testcase name="digiTransformoptions" time="2.29" classname="com.tofuGearPortal.qa.testcases.HomepageTest"/>
  <testcase name="Customerofflineoptions" time="2.701" classname="com.tofuGearPortal.qa.testcases.HomepageTest"/>
  <testcase name="MaximizingInStoreeoptions" time="2.545" classname="com.tofuGearPortal.qa.testcases.HomepageTest"/>
  <testcase name="ExpandingStoreOptions" time="2.671" classname="com.tofuGearPortal.qa.testcases.HomepageTest"/>
</testsuite> <!-- Command line test cedcab1b-6728-4e15-83fc-478f14ebcc0e -->
